Build started 6/4/2012 4:15:55 PM.
     1>Project "C:\dyninst\dyninst\proccontrol\proccontrol.vcxproj" on node 5 (build target(s)).
     1>InitializeBuildStatus:
         Creating "i386-unknown-nt4.0\proccontrol.unsuccessfulbuild" because "AlwaysCreate" was specified.
       ClCompile:
         All outputs are up-to-date.
       ManifestResourceCompile:
         All outputs are up-to-date.
       Link:
         c:\Program Files (x86)\Microsoft Visual Studio 10.0\VC\bin\link.exe /ERRORREPORT:PROMPT /OUT:"../../i386-unknown-nt4.0/lib\proccontrol.dll" /INCREMENTAL /NOLOGO /LIBPATH:"../../i386-unknown-nt4.0/lib" psapi.lib kernel32.lib user32.lib gdi32.lib winspool.lib comdlg32.lib advapi32.lib shell32.lib ole32.lib oleaut32.lib uuid.lib odbc32.lib odbccp32.lib /MANIFEST /ManifestFile:"i386-unknown-nt4.0\proccontrol.dll.intermediate.manifest" /MANIFESTUAC:"level='asInvoker' uiAccess='false'" /DEBUG /PDB:"C:\dyninst\i386-unknown-nt4.0\lib\proccontrol.pdb" /ASSEMBLYDEBUG /TLBID:1 /DYNAMICBASE:NO /IMPLIB:"C:\dyninst\i386-unknown-nt4.0\lib\proccontrol.lib" /DLL "i386-unknown-nt4.0\proccontrol.dll.embed.manifest.res"
         "i386-unknown-nt4.0\DecoderWindows.obj"
         "i386-unknown-nt4.0\event.obj"
         "i386-unknown-nt4.0\generator.obj"
         "i386-unknown-nt4.0\GeneratorWindows.obj"
         "i386-unknown-nt4.0\handler.obj"
         "i386-unknown-nt4.0\irpc.obj"
         "i386-unknown-nt4.0\mailbox.obj"
         "i386-unknown-nt4.0\memcache.obj"
         "i386-unknown-nt4.0\pcerrors.obj"
         "i386-unknown-nt4.0\process.obj"
         "i386-unknown-nt4.0\procpool.obj"
         "i386-unknown-nt4.0\procset.obj"
         "i386-unknown-nt4.0\response.obj"
         "i386-unknown-nt4.0\windows_handler.obj"
         "i386-unknown-nt4.0\windows_process.obj"
         "i386-unknown-nt4.0\windows_thread.obj"
         "i386-unknown-nt4.0\x86_process.obj"
         "C:\dyninst\i386-unknown-nt4.0\lib\libcommon.lib"
         "C:\dyninst\i386-unknown-nt4.0\lib\libsymtabAPI.lib"
     1>LINK : warning LNK4068: /MACHINE not specified; defaulting to X86
            Creating library C:\dyninst\i386-unknown-nt4.0\lib\proccontrol.lib and object C:\dyninst\i386-unknown-nt4.0\lib\proccontrol.exp
       Manifest:
         c:\Program Files (x86)\Microsoft SDKs\Windows\v7.0A\bin\mt.exe /nologo /verbose /out:"i386-unknown-nt4.0\proccontrol.dll.embed.manifest" /manifest "i386-unknown-nt4.0\proccontrol.dll.intermediate.manifest"
         All outputs are up-to-date.
       LinkEmbedManifest:
         All outputs are up-to-date.
         proccontrol.vcxproj -> C:\dyninst\dyninst\proccontrol\../../i386-unknown-nt4.0/lib\proccontrol.dll
       PostBuildEvent:
         echo mkdir C:\dyninst\i386-unknown-nt4.0\lib\..\..\include
         mkdir C:\dyninst\i386-unknown-nt4.0\lib\..\..\..\include
         echo copy C:\dyninst\dyninst\proccontrol\h\*.h C:\dyninst\i386-unknown-nt4.0\lib\..\..\include
         copy C:\dyninst\dyninst\proccontrol\h\*.h C:\dyninst\i386-unknown-nt4.0\lib\..\..\include
         
         :VCEnd
         mkdir C:\dyninst\i386-unknown-nt4.0\lib\..\..\include
         A subdirectory or file C:\dyninst\i386-unknown-nt4.0\lib\..\..\..\include already exists.
         copy C:\dyninst\dyninst\proccontrol\h\*.h C:\dyninst\i386-unknown-nt4.0\lib\..\..\include
         C:\dyninst\dyninst\proccontrol\h\Decoder.h
         C:\dyninst\dyninst\proccontrol\h\Event.h
         C:\dyninst\dyninst\proccontrol\h\EventType.h
         C:\dyninst\dyninst\proccontrol\h\Generator.h
         C:\dyninst\dyninst\proccontrol\h\Handler.h
         C:\dyninst\dyninst\proccontrol\h\Mailbox.h
         C:\dyninst\dyninst\proccontrol\h\PCErrors.h
         C:\dyninst\dyninst\proccontrol\h\PCProcess.h
         C:\dyninst\dyninst\proccontrol\h\ProcessSet.h
                 9 file(s) copied.
       FinalizeBuildStatus:
         Deleting file "i386-unknown-nt4.0\proccontrol.unsuccessfulbuild".
         Touching "i386-unknown-nt4.0\proccontrol.lastbuildstate".
     1>Done Building Project "C:\dyninst\dyninst\proccontrol\proccontrol.vcxproj" (build target(s)).

Build succeeded.

Time Elapsed 00:00:03.35
