../../i386-unknown-nt4.0/lib\proccontrol.ilk
../../i386-unknown-nt4.0/lib\proccontrol.pdb
C:\dyninst\dyninst\proccontrol\../../i386-unknown-nt4.0/lib\proccontrol.dll
C:\dyninst\dyninst\proccontrol\i386-unknown-nt4.0\cl.command.1.tlog
C:\dyninst\dyninst\proccontrol\i386-unknown-nt4.0\CL.read.1.tlog
C:\dyninst\dyninst\proccontrol\i386-unknown-nt4.0\CL.write.1.tlog
C:\DYNINST\DYNINST\PROCCONTROL\I386-UNKNOWN-NT4.0\DECODERWINDOWS.OBJ
C:\DYNINST\DYNINST\PROCCONTROL\I386-UNKNOWN-NT4.0\EVENT.OBJ
C:\DYNINST\DYNINST\PROCCONTROL\I386-UNKNOWN-NT4.0\GENERATOR.OBJ
C:\DYNINST\DYNINST\PROCCONTROL\I386-UNKNOWN-NT4.0\GENERATORWINDOWS.OBJ
C:\DYNINST\DYNINST\PROCCONTROL\I386-UNKNOWN-NT4.0\HANDLER.OBJ
C:\DYNINST\DYNINST\PROCCONTROL\I386-UNKNOWN-NT4.0\IRPC.OBJ
C:\dyninst\dyninst\proccontrol\i386-unknown-nt4.0\link.4812.read.1.tlog
C:\dyninst\dyninst\proccontrol\i386-unknown-nt4.0\link.4812.write.1.tlog
C:\dyninst\dyninst\proccontrol\i386-unknown-nt4.0\link.4812-cvtres.read.1.tlog
C:\dyninst\dyninst\proccontrol\i386-unknown-nt4.0\link.4812-cvtres.write.1.tlog
C:\dyninst\dyninst\proccontrol\i386-unknown-nt4.0\link.command.1.tlog
C:\dyninst\dyninst\proccontrol\i386-unknown-nt4.0\link.read.1.tlog
C:\dyninst\dyninst\proccontrol\i386-unknown-nt4.0\link.write.1.tlog
C:\dyninst\dyninst\proccontrol\i386-unknown-nt4.0\link-cvtres.read.1.tlog
C:\dyninst\dyninst\proccontrol\i386-unknown-nt4.0\link-cvtres.write.1.tlog
C:\DYNINST\DYNINST\PROCCONTROL\I386-UNKNOWN-NT4.0\MAILBOX.OBJ
C:\DYNINST\DYNINST\PROCCONTROL\I386-UNKNOWN-NT4.0\MEMCACHE.OBJ
C:\dyninst\dyninst\proccontrol\i386-unknown-nt4.0\mt.command.1.tlog
C:\dyninst\dyninst\proccontrol\i386-unknown-nt4.0\mt.read.1.tlog
C:\dyninst\dyninst\proccontrol\i386-unknown-nt4.0\mt.write.1.tlog
C:\DYNINST\DYNINST\PROCCONTROL\I386-UNKNOWN-NT4.0\PCERRORS.OBJ
C:\DYNINST\DYNINST\PROCCONTROL\I386-UNKNOWN-NT4.0\PROCCONTROL.DLL.EMBED.MANIFEST
C:\DYNINST\DYNINST\PROCCONTROL\I386-UNKNOWN-NT4.0\PROCCONTROL.DLL.EMBED.MANIFEST.RES
C:\DYNINST\DYNINST\PROCCONTROL\I386-UNKNOWN-NT4.0\PROCCONTROL.DLL.INTERMEDIATE.MANIFEST
C:\dyninst\dyninst\proccontrol\i386-unknown-nt4.0\proccontrol.write.1.tlog
C:\dyninst\dyninst\proccontrol\i386-unknown-nt4.0\proccontrol_manifest.rc
C:\DYNINST\DYNINST\PROCCONTROL\I386-UNKNOWN-NT4.0\PROCESS.OBJ
C:\DYNINST\DYNINST\PROCCONTROL\I386-UNKNOWN-NT4.0\PROCPOOL.OBJ
C:\DYNINST\DYNINST\PROCCONTROL\I386-UNKNOWN-NT4.0\PROCSET.OBJ
C:\dyninst\dyninst\proccontrol\i386-unknown-nt4.0\rc.command.1.tlog
C:\dyninst\dyninst\proccontrol\i386-unknown-nt4.0\rc.read.1.tlog
C:\dyninst\dyninst\proccontrol\i386-unknown-nt4.0\rc.write.1.tlog
C:\DYNINST\DYNINST\PROCCONTROL\I386-UNKNOWN-NT4.0\RESPONSE.OBJ
C:\DYNINST\DYNINST\PROCCONTROL\I386-UNKNOWN-NT4.0\VC100.PDB
C:\DYNINST\DYNINST\PROCCONTROL\I386-UNKNOWN-NT4.0\WINDOWS_HANDLER.OBJ
C:\DYNINST\DYNINST\PROCCONTROL\I386-UNKNOWN-NT4.0\WINDOWS_PROCESS.OBJ
C:\DYNINST\DYNINST\PROCCONTROL\I386-UNKNOWN-NT4.0\WINDOWS_THREAD.OBJ
C:\DYNINST\DYNINST\PROCCONTROL\I386-UNKNOWN-NT4.0\X86_PROCESS.OBJ
C:\DYNINST\I386-UNKNOWN-NT4.0\LIB\PROCCONTROL.DLL
C:\dyninst\i386-unknown-nt4.0\lib\proccontrol.exp
C:\DYNINST\I386-UNKNOWN-NT4.0\LIB\PROCCONTROL.ILK
C:\dyninst\i386-unknown-nt4.0\lib\proccontrol.lib
C:\DYNINST\I386-UNKNOWN-NT4.0\LIB\PROCCONTROL.PDB
